<?xml version="1.0" encoding="UTF-8"?>
<!-- Generated by org.testng.reporters.JUnitReportReporter -->
<testsuite hostname="SahilBhayana" failures="0" tests="6" name="com.test.Runner.Runner" time="42.583" errors="0" timestamp="2022-10-11T14:18:53 PDT" skipped="0">
  <testcase classname="com.test.Runner.Runner" name="runScenario" time="11.802"/>
  <system-out/>
  <testcase classname="com.test.Runner.Runner" name="runScenario" time="5.559"/>
  <system-out/>
  <testcase classname="com.test.Runner.Runner" name="runScenario" time="3.440"/>
  <system-out/>
  <testcase classname="com.test.Runner.Runner" name="runScenario" time="4.932"/>
  <system-out/>
  <testcase classname="com.test.Runner.Runner" name="runScenario" time="7.916"/>
  <system-out/>
  <testcase classname="com.test.Runner.Runner" name="runScenario" time="8.934"/>
  <system-out/>
</testsuite> <!-- com.test.Runner.Runner -->
