<?xml version="1.0" encoding="UTF-8"?>
<!-- Generated by org.testng.reporters.JUnitReportReporter -->
<testsuite hostname="SahilBhayana" failures="0" tests="6" name="com.test.Runner.Runner" time="62.386" errors="0" timestamp="2022-10-08T12:56:50 PDT" skipped="0">
  <testcase classname="com.test.Runner.Runner" name="runScenario" time="5.924"/>
  <system-out/>
  <testcase classname="com.test.Runner.Runner" name="runScenario" time="5.877"/>
  <system-out/>
  <testcase classname="com.test.Runner.Runner" name="runScenario" time="4.611"/>
  <system-out/>
  <testcase classname="com.test.Runner.Runner" name="runScenario" time="4.620"/>
  <system-out/>
  <testcase classname="com.test.Runner.Runner" name="runScenario" time="10.733"/>
  <system-out/>
  <testcase classname="com.test.Runner.Runner" name="runScenario" time="30.621"/>
  <system-out/>
</testsuite> <!-- com.test.Runner.Runner -->
